#
# A fatal error has been detected by the Java Runtime Environment:
#
#  SIGBUS (0xa) at pc=0x0000000102718e92, pid=60985, tid=0x0000000000001b03
#
# JRE version: Java(TM) SE Runtime Environment (8.0_131-b11) (build 1.8.0_131-b11)
# Java VM: Java HotSpot(TM) 64-Bit Server VM (25.131-b11 mixed mode bsd-amd64 compressed oops)
# Problematic frame:
# C  [libzip.dylib+0x2e92]  newEntry+0x154
#
# Failed to write core dump. Core dumps have been disabled. To enable core dumping, try "ulimit -c unlimited" before starting Java again
#
# If you would like to submit a bug report, please visit:
#   http://bugreport.java.com/bugreport/crash.jsp
# The crash happened outside the Java Virtual Machine in native code.
# See problematic frame for where to report the bug.
#

---------------  T H R E A D  ---------------

Current thread (0x00007fed85805800):  JavaThread "main" [_thread_in_native, id=6915, stack(0x0000700000e0e000,0x0000700000f0e000)]

siginfo: si_signo: 10 (SIGBUS), si_code: 2 (BUS_ADRERR), si_addr: 0x000000010b6c79e7

Registers:
RAX=0x00007fed8501cd40, RBX=0x000000010b6c79db, RCX=0x0000000000000001, RDX=0x0000000000000100
RSP=0x0000700000f0af70, RBP=0x0000700000f0afd0, RSI=0x0000000000020000, RDI=0x00000000000001a5
R8 =0x0000000000000048, R9 =0x00007fed8501a4c0, R10=0x00000000fffe0000, R11=0x000000000000001b
R12=0x00007fed8585de00, R13=0x0000000000016db0, R14=0x000000009b108fd3, R15=0x00007fed83708940
RIP=0x0000000102718e92, EFLAGS=0x0000000000010206, ERR=0x0000000000000004
  TRAPNO=0x000000000000000e

Top of Stack: (sp=0x0000700000f0af70)
0x0000700000f0af70:   0000700000f0afa0 000000000bcbedbd
0x0000700000f0af80:   0000700000f0b000 0000700000f0afd0
0x0000700000f0af90:   0000700000f0afb0 00007fed8501cd40
0x0000700000f0afa0:   00007fed8501a4c0 00007fed8501cd40
0x0000700000f0afb0:   00007fed8585de00 0000000000016db0
0x0000700000f0afc0:   000000009b108fd3 00007fed83708940
0x0000700000f0afd0:   0000700000f0b030 000000010271952d
0x0000700000f0afe0:   0000700000f0b071 0000700000f0b070
0x0000700000f0aff0:   0000002100000000 0000002201805800
0x0000700000f0b000:   0000700000f0b04e 0000700000f0b498
0x0000700000f0b010:   0000000000000022 0000700000f0b04e
0x0000700000f0b020:   00007fed8501cd40 00007fed858059f8
0x0000700000f0b030:   0000700000f0b480 0000000102718238
0x0000700000f0b040:   0000700000f0c860 7375000100000001
0x0000700000f0b050:   696c2f727261702f 4374727261502f62
0x0000700000f0b060:   6f697463656c6c6f 7373616c632e736e
0x0000700000f0b070:   0000700000f0c500 000000010bbc009a
0x0000700000f0b080:   0000700000f0b0d0 00007fff9ab5f438
0x0000700000f0b090:   0000700000f0b258 0000700000f0c5c0
0x0000700000f0b0a0:   0000700000f0b238 0000000000000000
0x0000700000f0b0b0:   00007fff9aba7680 0000000000000000
0x0000700000f0b0c0:   0000000103e16b2a 000000000000002a
0x0000700000f0b0d0:   0000700000f0b4c0 00007fff9ab6998b
0x0000700000f0b0e0:   00007fed850097f8 0000000000000042
0x0000700000f0b0f0:   0000700000f0c850 0000700000f0c850
0x0000700000f0b100:   0000700000f0c808 0000700000f0c80c
0x0000700000f0b110:   0000700000f0c800 0000700000f0c804
0x0000700000f0b120:   0000700000f0c7f8 0000700000f0c7fc
0x0000700000f0b130:   0000700000f0c7f0 0000700000f0c7f4
0x0000700000f0b140:   0000700000f0b190 00007fff9ab5f438
0x0000700000f0b150:   0000700000f0b318 0000000000000001
0x0000700000f0b160:   0000700000f0b2f8 0000000000000000 

Instructions: (pc=0x0000000102718e92)
0x0000000102718e72:   49 8b 7f 38 e8 5b 1b 00 00 4d 89 77 38 49 89 5f
0x0000000102718e82:   40 4c 89 f0 48 85 c0 0f 84 11 05 00 00 48 89 c3
0x0000000102718e92:   0f b6 43 0c 0f b6 4b 0d 48 c1 e1 08 48 01 c1 0f
0x0000000102718ea2:   b6 43 0e 0f b6 53 0f 48 c1 e2 08 48 01 c2 48 c1 

Register to memory mapping:

RAX=0x00007fed8501cd40 is an unknown value
RBX=0x000000010b6c79db is an unknown value
RCX=0x0000000000000001 is an unknown value
RDX=0x0000000000000100 is an unknown value
RSP=0x0000700000f0af70 is pointing into the stack for thread: 0x00007fed85805800
RBP=0x0000700000f0afd0 is pointing into the stack for thread: 0x00007fed85805800
RSI=0x0000000000020000 is an unknown value
RDI=0x00000000000001a5 is an unknown value
R8 =0x0000000000000048 is an unknown value
R9 =0x00007fed8501a4c0 is an unknown value
R10=0x00000000fffe0000 is an unknown value
R11=0x000000000000001b is an unknown value
R12=0x00007fed8585de00 is an unknown value
R13=0x0000000000016db0 is an unknown value
R14=0x000000009b108fd3 is an unknown value
R15=0x00007fed83708940 is an unknown value


Stack: [0x0000700000e0e000,0x0000700000f0e000],  sp=0x0000700000f0af70,  free space=1011k
Native frames: (J=compiled Java code, j=interpreted, Vv=VM code, C=native code)
C  [libzip.dylib+0x2e92]  newEntry+0x154
C  [libzip.dylib+0x352d]  ZIP_GetEntry2+0xd4
C  [libzip.dylib+0x2238]  Java_java_util_zip_ZipFile_getEntry+0xcf
J 148  java.util.zip.ZipFile.getEntry(J[BZ)J (0 bytes) @ 0x000000010bcd01ce [0x000000010bcd0100+0xce]
J 167 C1 java.util.zip.ZipFile.getEntry(Ljava/lang/String;)Ljava/util/zip/ZipEntry; (86 bytes) @ 0x000000010bcda24c [0x000000010bcd9fe0+0x26c]
J 195 C1 java.util.jar.JarFile.getEntry(Ljava/lang/String;)Ljava/util/zip/ZipEntry; (22 bytes) @ 0x000000010bce8664 [0x000000010bce85e0+0x84]
J 499 C2 sun.misc.URLClassPath$JarLoader.getResource(Ljava/lang/String;Z)Lsun/misc/Resource; (85 bytes) @ 0x000000010bde8e90 [0x000000010bde8c60+0x230]
J 172 C1 sun.misc.URLClassPath.getResource(Ljava/lang/String;Z)Lsun/misc/Resource; (83 bytes) @ 0x000000010bcdd1ac [0x000000010bcdd040+0x16c]
J 180 C1 java.net.URLClassLoader$1.run()Ljava/lang/Class; (63 bytes) @ 0x000000010bcdfbbc [0x000000010bcdf9a0+0x21c]
J 179 C1 java.net.URLClassLoader$1.run()Ljava/lang/Object; (5 bytes) @ 0x000000010bcdf60c [0x000000010bcdf580+0x8c]
v  ~StubRoutines::call_stub
V  [libjvm.dylib+0x2ee5b6]  JavaCalls::call_helper(JavaValue*, methodHandle*, JavaCallArguments*, Thread*)+0x6ae
V  [libjvm.dylib+0x34ed14]  JVM_DoPrivileged+0x4b8
J 136  java.security.AccessController.doPrivileged(Ljava/security/PrivilegedExceptionAction;Ljava/security/AccessControlContext;)Ljava/lang/Object; (0 bytes) @ 0x000000010bcc68d5 [0x000000010bcc6800+0xd5]
J 177 C1 java.net.URLClassLoader.findClass(Ljava/lang/String;)Ljava/lang/Class; (47 bytes) @ 0x000000010bcded94 [0x000000010bcdec00+0x194]
J 111 C1 java.lang.ClassLoader.loadClass(Ljava/lang/String;Z)Ljava/lang/Class; (122 bytes) @ 0x000000010bcbd6a4 [0x000000010bcbcd40+0x964]
J 175 C1 sun.misc.Launcher$AppClassLoader.loadClass(Ljava/lang/String;Z)Ljava/lang/Class; (85 bytes) @ 0x000000010bcdbbe4 [0x000000010bcdb240+0x9a4]
J 174 C1 java.lang.ClassLoader.loadClass(Ljava/lang/String;)Ljava/lang/Class; (7 bytes) @ 0x000000010bcdc684 [0x000000010bcdc580+0x104]
v  ~StubRoutines::call_stub
V  [libjvm.dylib+0x2ee5b6]  JavaCalls::call_helper(JavaValue*, methodHandle*, JavaCallArguments*, Thread*)+0x6ae
V  [libjvm.dylib+0x2eed5a]  JavaCalls::call_virtual(JavaValue*, KlassHandle, Symbol*, Symbol*, JavaCallArguments*, Thread*)+0x164
V  [libjvm.dylib+0x2eeeb2]  JavaCalls::call_virtual(JavaValue*, Handle, KlassHandle, Symbol*, Symbol*, Handle, Thread*)+0x56
V  [libjvm.dylib+0x53ca02]  SystemDictionary::load_instance_class(Symbol*, Handle, Thread*)+0x2d8
V  [libjvm.dylib+0x53c1ca]  SystemDictionary::resolve_instance_class_or_null(Symbol*, Handle, Handle, Thread*)+0x484
V  [libjvm.dylib+0x53cc1e]  SystemDictionary::resolve_or_null(Symbol*, Handle, Handle, Thread*)+0x106
V  [libjvm.dylib+0x53d2d1]  SystemDictionary::resolve_or_fail(Symbol*, Handle, Handle, bool, Thread*)+0x31
V  [libjvm.dylib+0x1e334a]  ConstantPool::klass_at_impl(constantPoolHandle, int, Thread*)+0x2ee
V  [libjvm.dylib+0x1f379a]  ConstantPool::klass_at(int, Thread*)+0x92
V  [libjvm.dylib+0x3cbe2e]  LinkResolver::resolve_pool(KlassHandle&, Symbol*&, Symbol*&, KlassHandle&, constantPoolHandle, int, Thread*)+0x72
V  [libjvm.dylib+0x3cf5ba]  LinkResolver::resolve_invokestatic(CallInfo&, constantPoolHandle, int, Thread*)+0x9e
V  [libjvm.dylib+0x3cf6df]  LinkResolver::resolve_invoke(CallInfo&, Handle, constantPoolHandle, int, Bytecodes::Code, Thread*)+0xb3
V  [libjvm.dylib+0x2e89ab]  InterpreterRuntime::resolve_invoke(JavaThread*, Bytecodes::Code)+0x377
j  us.parr.bookish.Tool.executeCodeSnippets(Lus/parr/bookish/model/Book;Ljava/lang/String;Ljava/util/List;)V+798
j  us.parr.bookish.Tool.process([Ljava/lang/String;)V+344
j  us.parr.bookish.Tool.main([Ljava/lang/String;)V+10
v  ~StubRoutines::call_stub
V  [libjvm.dylib+0x2ee5b6]  JavaCalls::call_helper(JavaValue*, methodHandle*, JavaCallArguments*, Thread*)+0x6ae
V  [libjvm.dylib+0x3253ce]  jni_invoke_static(JNIEnv_*, JavaValue*, _jobject*, JNICallType, _jmethodID*, JNI_ArgumentPusher*, Thread*)+0x1bf
V  [libjvm.dylib+0x31e145]  jni_CallStaticVoidMethod+0x15d
C  [java+0x3931]  JavaMain+0x9c4
C  [libsystem_pthread.dylib+0x393b]  _pthread_body+0xb4
C  [libsystem_pthread.dylib+0x3887]  _pthread_body+0x0
C  [libsystem_pthread.dylib+0x308d]  thread_start+0xd
C  0x0000000000000000

Java frames: (J=compiled Java code, j=interpreted, Vv=VM code)
J 148  java.util.zip.ZipFile.getEntry(J[BZ)J (0 bytes) @ 0x000000010bcd0158 [0x000000010bcd0100+0x58]
J 167 C1 java.util.zip.ZipFile.getEntry(Ljava/lang/String;)Ljava/util/zip/ZipEntry; (86 bytes) @ 0x000000010bcda24c [0x000000010bcd9fe0+0x26c]
J 195 C1 java.util.jar.JarFile.getEntry(Ljava/lang/String;)Ljava/util/zip/ZipEntry; (22 bytes) @ 0x000000010bce8664 [0x000000010bce85e0+0x84]
J 499 C2 sun.misc.URLClassPath$JarLoader.getResource(Ljava/lang/String;Z)Lsun/misc/Resource; (85 bytes) @ 0x000000010bde8e90 [0x000000010bde8c60+0x230]
J 172 C1 sun.misc.URLClassPath.getResource(Ljava/lang/String;Z)Lsun/misc/Resource; (83 bytes) @ 0x000000010bcdd1ac [0x000000010bcdd040+0x16c]
J 180 C1 java.net.URLClassLoader$1.run()Ljava/lang/Class; (63 bytes) @ 0x000000010bcdfbbc [0x000000010bcdf9a0+0x21c]
J 179 C1 java.net.URLClassLoader$1.run()Ljava/lang/Object; (5 bytes) @ 0x000000010bcdf60c [0x000000010bcdf580+0x8c]
v  ~StubRoutines::call_stub
J 136  java.security.AccessController.doPrivileged(Ljava/security/PrivilegedExceptionAction;Ljava/security/AccessControlContext;)Ljava/lang/Object; (0 bytes) @ 0x000000010bcc6863 [0x000000010bcc6800+0x63]
J 177 C1 java.net.URLClassLoader.findClass(Ljava/lang/String;)Ljava/lang/Class; (47 bytes) @ 0x000000010bcded94 [0x000000010bcdec00+0x194]
J 111 C1 java.lang.ClassLoader.loadClass(Ljava/lang/String;Z)Ljava/lang/Class; (122 bytes) @ 0x000000010bcbd6a4 [0x000000010bcbcd40+0x964]
J 175 C1 sun.misc.Launcher$AppClassLoader.loadClass(Ljava/lang/String;Z)Ljava/lang/Class; (85 bytes) @ 0x000000010bcdbbe4 [0x000000010bcdb240+0x9a4]
J 174 C1 java.lang.ClassLoader.loadClass(Ljava/lang/String;)Ljava/lang/Class; (7 bytes) @ 0x000000010bcdc684 [0x000000010bcdc580+0x104]
v  ~StubRoutines::call_stub
j  us.parr.bookish.Tool.executeCodeSnippets(Lus/parr/bookish/model/Book;Ljava/lang/String;Ljava/util/List;)V+798
j  us.parr.bookish.Tool.process([Ljava/lang/String;)V+344
j  us.parr.bookish.Tool.main([Ljava/lang/String;)V+10
v  ~StubRoutines::call_stub

---------------  P R O C E S S  ---------------

Java Threads: ( => current thread )
  0x00007fed868ed000 JavaThread "process reaper" daemon [_thread_blocked, id=22019, stack(0x00007000021ca000,0x00007000021f2000)]
  0x00007fed84803000 JavaThread "Service Thread" daemon [_thread_blocked, id=20995, stack(0x0000700001fc4000,0x00007000020c4000)]
  0x00007fed84032800 JavaThread "C1 CompilerThread3" daemon [_thread_blocked, id=20483, stack(0x0000700001ec1000,0x0000700001fc1000)]
  0x00007fed83841800 JavaThread "C2 CompilerThread2" daemon [_thread_blocked, id=19971, stack(0x0000700001dbe000,0x0000700001ebe000)]
  0x00007fed84031800 JavaThread "C2 CompilerThread1" daemon [_thread_blocked, id=19459, stack(0x0000700001cbb000,0x0000700001dbb000)]
  0x00007fed85810000 JavaThread "C2 CompilerThread0" daemon [_thread_blocked, id=18947, stack(0x0000700001bb8000,0x0000700001cb8000)]
  0x00007fed83850800 JavaThread "Signal Dispatcher" daemon [_thread_blocked, id=18435, stack(0x0000700001ab5000,0x0000700001bb5000)]
  0x00007fed8600a000 JavaThread "Finalizer" daemon [_thread_blocked, id=14339, stack(0x000070000192f000,0x0000700001a2f000)]
  0x00007fed84802800 JavaThread "Reference Handler" daemon [_thread_blocked, id=13827, stack(0x000070000182c000,0x000070000192c000)]
=>0x00007fed85805800 JavaThread "main" [_thread_in_native, id=6915, stack(0x0000700000e0e000,0x0000700000f0e000)]

Other Threads:
  0x00007fed83838000 VMThread [stack: 0x0000700001729000,0x0000700001829000] [id=13315]
  0x00007fed86009800 WatcherThread [stack: 0x00007000020c7000,0x00007000021c7000] [id=21507]

VM state:not at safepoint (normal execution)

VM Mutex/Monitor currently owned by a thread: None

Heap:
 PSYoungGen      total 153088K, used 45736K [0x0000000715580000, 0x0000000720000000, 0x00000007c0000000)
  eden space 131584K, 31% used [0x0000000715580000,0x0000000717e42db8,0x000000071d600000)
  from space 21504K, 18% used [0x000000071d600000,0x000000071d9e74a8,0x000000071eb00000)
  to   space 21504K, 0% used [0x000000071eb00000,0x000000071eb00000,0x0000000720000000)
 ParOldGen       total 349696K, used 16K [0x00000005c0000000, 0x00000005d5580000, 0x0000000715580000)
  object space 349696K, 0% used [0x00000005c0000000,0x00000005c0004000,0x00000005d5580000)
 Metaspace       used 8146K, capacity 8288K, committed 8576K, reserved 1056768K
  class space    used 983K, capacity 1060K, committed 1152K, reserved 1048576K

Card table byte_map: [0x0000000104b63000,0x0000000105b64000] byte_map_base: 0x0000000101d63000

Marking Bits: (ParMarkBitMap*) 0x00000001040f1ea0
 Begin Bits: [0x000000011ab7a000, 0x0000000122b7a000)
 End Bits:   [0x0000000122b7a000, 0x000000012ab7a000)

Polling page: 0x000000010270c000

CodeCache: size=245760Kb used=4799Kb max_used=4876Kb free=240960Kb
 bounds [0x000000010bb7a000, 0x000000010c05a000, 0x000000011ab7a000]
 total_blobs=1516 nmethods=1196 adapters=234
 compilation: enabled

Compilation events (10 events):
Event: 1.572 Thread 0x00007fed83841800 1016       4       org.antlr.v4.runtime.atn.ArrayPredictionContext::<init> (66 bytes)
Event: 1.575 Thread 0x00007fed83841800 nmethod 1016 0x000000010bfc8490 code [0x000000010bfc85e0, 0x000000010bfc87f8]
Event: 1.575 Thread 0x00007fed83841800 1065       4       org.antlr.v4.runtime.atn.PredictionContext::isEmpty (13 bytes)
Event: 1.576 Thread 0x00007fed83841800 nmethod 1065 0x000000010bfc8250 code [0x000000010bfc83a0, 0x000000010bfc8418]
Event: 1.576 Thread 0x00007fed83841800  958       4       org.antlr.v4.runtime.misc.FlexibleHashMap::get (85 bytes)
Event: 1.587 Thread 0x00007fed83841800 nmethod 958 0x000000010bfca050 code [0x000000010bfca200, 0x000000010bfca838]
Event: 1.587 Thread 0x00007fed83841800 1128       4       org.antlr.v4.runtime.atn.ParserATNSimulator::computeReachSet (455 bytes)
Event: 1.649 Thread 0x00007fed83841800 nmethod 1128 0x000000010bfda9d0 code [0x000000010bfdace0, 0x000000010bfdcb08]
Event: 2.083 Thread 0x00007fed84031800 nmethod 1066 0x000000010bfeda50 code [0x000000010bfee820, 0x000000010bffcb30]
Event: 2.368 Thread 0x00007fed85810000 nmethod 1096 0x000000010c02a490 code [0x000000010c02b280, 0x000000010c03d2c0]

GC Heap History (2 events):
Event: 1.020 GC heap before
{Heap before GC invocations=1 (full 0):
 PSYoungGen      total 153088K, used 131584K [0x0000000715580000, 0x0000000720000000, 0x00000007c0000000)
  eden space 131584K, 100% used [0x0000000715580000,0x000000071d600000,0x000000071d600000)
  from space 21504K, 0% used [0x000000071eb00000,0x000000071eb00000,0x0000000720000000)
  to   space 21504K, 0% used [0x000000071d600000,0x000000071d600000,0x000000071eb00000)
 ParOldGen       total 349696K, used 0K [0x00000005c0000000, 0x00000005d5580000, 0x0000000715580000)
  object space 349696K, 0% used [0x00000005c0000000,0x00000005c0000000,0x00000005d5580000)
 Metaspace       used 7571K, capacity 7730K, committed 7936K, reserved 1056768K
  class space    used 911K, capacity 983K, committed 1024K, reserved 1048576K
Event: 1.027 GC heap after
Heap after GC invocations=1 (full 0):
 PSYoungGen      total 153088K, used 3997K [0x0000000715580000, 0x0000000720000000, 0x00000007c0000000)
  eden space 131584K, 0% used [0x0000000715580000,0x0000000715580000,0x000000071d600000)
  from space 21504K, 18% used [0x000000071d600000,0x000000071d9e74a8,0x000000071eb00000)
  to   space 21504K, 0% used [0x000000071eb00000,0x000000071eb00000,0x0000000720000000)
 ParOldGen       total 349696K, used 16K [0x00000005c0000000, 0x00000005d5580000, 0x0000000715580000)
  object space 349696K, 0% used [0x00000005c0000000,0x00000005c0004000,0x00000005d5580000)
 Metaspace       used 7571K, capacity 7730K, committed 7936K, reserved 1056768K
  class space    used 911K, capacity 983K, committed 1024K, reserved 1048576K
}

Deoptimization events (10 events):
Event: 0.538 Thread 0x00007fed85805800 Uncommon trap: reason=array_check action=maybe_recompile pc=0x000000010beb739c method=org.antlr.v4.runtime.misc.Array2DHashSet.getOrAddImpl(Ljava/lang/Object;)Ljava/lang/Object; @ 128
Event: 0.574 Thread 0x00007fed85805800 Uncommon trap: reason=array_check action=maybe_recompile pc=0x000000010becc34c method=org.antlr.v4.runtime.misc.Array2DHashSet.getOrAddImpl(Ljava/lang/Object;)Ljava/lang/Object; @ 133
Event: 0.574 Thread 0x00007fed85805800 Uncommon trap: reason=array_check action=maybe_recompile pc=0x000000010becc34c method=org.antlr.v4.runtime.misc.Array2DHashSet.getOrAddImpl(Ljava/lang/Object;)Ljava/lang/Object; @ 133
Event: 0.771 Thread 0x00007fed85805800 Uncommon trap: reason=unstable_if action=reinterpret pc=0x000000010be7e674 method=org.antlr.v4.runtime.atn.EmptyPredictionContext.equals(Ljava/lang/Object;)Z @ 2
Event: 0.773 Thread 0x00007fed85805800 Uncommon trap: reason=unstable_if action=reinterpret pc=0x000000010be9d4b0 method=org.antlr.v4.runtime.atn.SingletonPredictionContext.equals(Ljava/lang/Object;)Z @ 42
Event: 0.812 Thread 0x00007fed85805800 Uncommon trap: reason=array_check action=maybe_recompile pc=0x000000010bf035a4 method=org.antlr.v4.runtime.misc.Array2DHashSet.getOrAddImpl(Ljava/lang/Object;)Ljava/lang/Object; @ 74
Event: 0.822 Thread 0x00007fed85805800 Uncommon trap: reason=array_check action=maybe_recompile pc=0x000000010bf24cb4 method=org.antlr.v4.runtime.misc.Array2DHashSet.getOrAddImpl(Ljava/lang/Object;)Ljava/lang/Object; @ 36
Event: 1.225 Thread 0x00007fed85805800 Uncommon trap: reason=unstable_if action=reinterpret pc=0x000000010bee754c method=org.antlr.v4.runtime.atn.LexerATNConfig.equals(Lorg/antlr/v4/runtime/atn/ATNConfig;)Z @ 29
Event: 1.276 Thread 0x00007fed85805800 Uncommon trap: reason=unstable_if action=reinterpret pc=0x000000010bcfa538 method=java.lang.String.replace(CC)Ljava/lang/String; @ 26
Event: 1.344 Thread 0x00007fed85805800 Uncommon trap: reason=unstable_if action=reinterpret pc=0x000000010bd95ca4 method=java.lang.String.indexOf([CII[CIII)I @ 3

Internal exceptions (9 events):
Event: 0.031 Thread 0x00007fed85805800 Exception <a 'java/lang/NoSuchMethodError': Method sun.misc.Unsafe.defineClass(Ljava/lang/String;[BII)Ljava/lang/Class; name or signature does not match> (0x0000000715587ca8) thrown at [/Users/java_re/workspace/8-2-build-macosx-x86_64/jdk8u131/8869/hotspo
Event: 0.031 Thread 0x00007fed85805800 Exception <a 'java/lang/NoSuchMethodError': Method sun.misc.Unsafe.prefetchRead(Ljava/lang/Object;J)V name or signature does not match> (0x0000000715587f90) thrown at [/Users/java_re/workspace/8-2-build-macosx-x86_64/jdk8u131/8869/hotspot/src/share/vm/pri
Event: 0.125 Thread 0x00007fed85805800 Exception <a 'java/security/PrivilegedActionException'> (0x00000007156e0c20) thrown at [/Users/java_re/workspace/8-2-build-macosx-x86_64/jdk8u131/8869/hotspot/src/share/vm/prims/jvm.cpp, line 1390]
Event: 0.125 Thread 0x00007fed85805800 Exception <a 'java/security/PrivilegedActionException'> (0x00000007156e0e30) thrown at [/Users/java_re/workspace/8-2-build-macosx-x86_64/jdk8u131/8869/hotspot/src/share/vm/prims/jvm.cpp, line 1390]
Event: 0.126 Thread 0x00007fed85805800 Exception <a 'java/security/PrivilegedActionException'> (0x00000007156e4160) thrown at [/Users/java_re/workspace/8-2-build-macosx-x86_64/jdk8u131/8869/hotspot/src/share/vm/prims/jvm.cpp, line 1390]
Event: 0.126 Thread 0x00007fed85805800 Exception <a 'java/security/PrivilegedActionException'> (0x00000007156e4370) thrown at [/Users/java_re/workspace/8-2-build-macosx-x86_64/jdk8u131/8869/hotspot/src/share/vm/prims/jvm.cpp, line 1390]
Event: 0.409 Thread 0x00007fed85805800 Exception <a 'java/lang/NoSuchFieldError': method resolution failed> (0x0000000716634148) thrown at [/Users/java_re/workspace/8-2-build-macosx-x86_64/jdk8u131/8869/hotspot/src/share/vm/prims/methodHandles.cpp, line 1146]
Event: 0.410 Thread 0x00007fed85805800 Exception <a 'java/lang/NoSuchFieldError': method resolution failed> (0x0000000716641468) thrown at [/Users/java_re/workspace/8-2-build-macosx-x86_64/jdk8u131/8869/hotspot/src/share/vm/prims/methodHandles.cpp, line 1146]
Event: 1.356 Thread 0x00007fed85805800 Exception <a 'sun/nio/fs/UnixException'> (0x0000000717c0a3e8) thrown at [/Users/java_re/workspace/8-2-build-macosx-x86_64/jdk8u131/8869/hotspot/src/share/vm/prims/jni.cpp, line 709]

Events (10 events):
Event: 4.108 Executing VM operation: EnableBiasedLocking
Event: 4.108 Executing VM operation: EnableBiasedLocking done
Event: 6.878 Thread 0x00007fed83af1800 Thread exited: 0x00007fed83af1800
Event: 6.878 Thread 0x00007fed8718b800 Thread exited: 0x00007fed8718b800
Event: 6.878 loading class us/parr/bookish/model/entity/ExecutableCodeDef
Event: 6.878 loading class us/parr/bookish/model/entity/ExecutableCodeDef done
Event: 6.878 loading class us/parr/bookish/model/entity/ExecutableCodeDef
Event: 6.878 loading class us/parr/bookish/model/entity/ExecutableCodeDef done
Event: 6.878 loading class us/parr/lib/ParrtCollections
Event: 6.878 loading class us/parr/lib/ParrtCollections done


Dynamic libraries:
0x000000000ff5f000 	/System/Library/Frameworks/Cocoa.framework/Versions/A/Cocoa
0x000000000ff5f000 	/System/Library/Frameworks/Security.framework/Versions/A/Security
0x000000000ff5f000 	/System/Library/Frameworks/ApplicationServices.framework/Versions/A/ApplicationServices
0x000000000ff5f000 	/usr/lib/libz.1.dylib
0x000000000ff5f000 	/usr/lib/libSystem.B.dylib
0x000000000ff5f000 	/usr/lib/libobjc.A.dylib
0x000000000ff5f000 	/System/Library/Frameworks/CoreFoundation.framework/Versions/A/CoreFoundation
0x000000000ff5f000 	/System/Library/Frameworks/Foundation.framework/Versions/C/Foundation
0x000000000ff5f000 	/System/Library/Frameworks/AppKit.framework/Versions/C/AppKit
0x000000000ff5f000 	/System/Library/Frameworks/CoreData.framework/Versions/A/CoreData
0x000000000ff5f000 	/System/Library/PrivateFrameworks/RemoteViewServices.framework/Versions/A/RemoteViewServices
0x000000000ff5f000 	/System/Library/PrivateFrameworks/UIFoundation.framework/Versions/A/UIFoundation
0x000000000ff5f000 	/System/Library/PrivateFrameworks/DFRFoundation.framework/Versions/A/DFRFoundation
0x000000000ff5f000 	/usr/lib/libenergytrace.dylib
0x000000000ff5f000 	/System/Library/PrivateFrameworks/SkyLight.framework/Versions/A/SkyLight
0x000000000ff5f000 	/System/Library/Frameworks/CoreGraphics.framework/Versions/A/CoreGraphics
0x000000000ff5f000 	/usr/lib/libScreenReader.dylib
0x000000000ff5f000 	/System/Library/Frameworks/Accelerate.framework/Versions/A/Accelerate
0x000000000ff5f000 	/System/Library/Frameworks/IOSurface.framework/Versions/A/IOSurface
0x000000000ff5f000 	/System/Library/Frameworks/AudioToolbox.framework/Versions/A/AudioToolbox
0x000000000ff5f000 	/System/Library/Frameworks/AudioUnit.framework/Versions/A/AudioUnit
0x000000000ff5f000 	/System/Library/PrivateFrameworks/DataDetectorsCore.framework/Versions/A/DataDetectorsCore
0x000000000ff5f000 	/System/Library/PrivateFrameworks/DesktopServicesPriv.framework/Versions/A/DesktopServicesPriv
0x000000000ff5f000 	/System/Library/Frameworks/Carbon.framework/Versions/A/Frameworks/HIToolbox.framework/Versions/A/HIToolbox
0x000000000ff5f000 	/usr/lib/libicucore.A.dylib
0x000000000ff5f000 	/System/Library/Frameworks/QuartzCore.framework/Versions/A/QuartzCore
0x000000000ff5f000 	/System/Library/Frameworks/Carbon.framework/Versions/A/Frameworks/SpeechRecognition.framework/Versions/A/SpeechRecognition
0x000000000ff5f000 	/usr/lib/libauto.dylib
0x000000000ff5f000 	/usr/lib/libxml2.2.dylib
0x000000000ff5f000 	/System/Library/PrivateFrameworks/CoreUI.framework/Versions/A/CoreUI
0x000000000ff5f000 	/System/Library/Frameworks/CoreAudio.framework/Versions/A/CoreAudio
0x000000000ff5f000 	/System/Library/Frameworks/DiskArbitration.framework/Versions/A/DiskArbitration
0x000000000ff5f000 	/usr/lib/liblangid.dylib
0x000000000ff5f000 	/System/Library/PrivateFrameworks/MultitouchSupport.framework/Versions/A/MultitouchSupport
0x000000000ff5f000 	/System/Library/Frameworks/IOKit.framework/Versions/A/IOKit
0x000000000ff5f000 	/usr/lib/libDiagnosticMessagesClient.dylib
0x000000000ff5f000 	/System/Library/Frameworks/CoreServices.framework/Versions/A/CoreServices
0x000000000ff5f000 	/System/Library/PrivateFrameworks/PerformanceAnalysis.framework/Versions/A/PerformanceAnalysis
0x000000000ff5f000 	/System/Library/PrivateFrameworks/GenerationalStorage.framework/Versions/A/GenerationalStorage
0x000000000ff5f000 	/System/Library/Frameworks/OpenGL.framework/Versions/A/OpenGL
0x000000000ff5f000 	/System/Library/Frameworks/CoreImage.framework/Versions/A/CoreImage
0x000000000ff5f000 	/System/Library/Frameworks/CoreText.framework/Versions/A/CoreText
0x000000000ff5f000 	/System/Library/Frameworks/ImageIO.framework/Versions/A/ImageIO
0x000000000ff5f000 	/System/Library/PrivateFrameworks/Backup.framework/Versions/A/Backup
0x000000000ff5f000 	/usr/lib/libarchive.2.dylib
0x000000000ff5f000 	/System/Library/Frameworks/CFNetwork.framework/Versions/A/CFNetwork
0x000000000ff5f000 	/System/Library/Frameworks/SystemConfiguration.framework/Versions/A/SystemConfiguration
0x000000000ff5f000 	/usr/lib/libCRFSuite.dylib
0x000000000ff5f000 	/usr/lib/libc++.1.dylib
0x000000000ff5f000 	/usr/lib/libc++abi.dylib
0x000000000ff5f000 	/usr/lib/system/libcache.dylib
0x000000000ff5f000 	/usr/lib/system/libcommonCrypto.dylib
0x000000000ff5f000 	/usr/lib/system/libcompiler_rt.dylib
0x000000000ff5f000 	/usr/lib/system/libcopyfile.dylib
0x000000000ff5f000 	/usr/lib/system/libcorecrypto.dylib
0x000000000ff5f000 	/usr/lib/system/libdispatch.dylib
0x000000000ff5f000 	/usr/lib/system/libdyld.dylib
0x000000000ff5f000 	/usr/lib/system/libkeymgr.dylib
0x000000000ff5f000 	/usr/lib/system/liblaunch.dylib
0x000000000ff5f000 	/usr/lib/system/libmacho.dylib
0x000000000ff5f000 	/usr/lib/system/libquarantine.dylib
0x000000000ff5f000 	/usr/lib/system/libremovefile.dylib
0x000000000ff5f000 	/usr/lib/system/libsystem_asl.dylib
0x000000000ff5f000 	/usr/lib/system/libsystem_blocks.dylib
0x000000000ff5f000 	/usr/lib/system/libsystem_c.dylib
0x000000000ff5f000 	/usr/lib/system/libsystem_configuration.dylib
0x000000000ff5f000 	/usr/lib/system/libsystem_coreservices.dylib
0x000000000ff5f000 	/usr/lib/system/libsystem_coretls.dylib
0x000000000ff5f000 	/usr/lib/system/libsystem_dnssd.dylib
0x000000000ff5f000 	/usr/lib/system/libsystem_info.dylib
0x000000000ff5f000 	/usr/lib/system/libsystem_kernel.dylib
0x000000000ff5f000 	/usr/lib/system/libsystem_m.dylib
0x000000000ff5f000 	/usr/lib/system/libsystem_malloc.dylib
0x000000000ff5f000 	/usr/lib/system/libsystem_network.dylib
0x000000000ff5f000 	/usr/lib/system/libsystem_networkextension.dylib
0x000000000ff5f000 	/usr/lib/system/libsystem_notify.dylib
0x000000000ff5f000 	/usr/lib/system/libsystem_platform.dylib
0x000000000ff5f000 	/usr/lib/system/libsystem_pthread.dylib
0x000000000ff5f000 	/usr/lib/system/libsystem_sandbox.dylib
0x000000000ff5f000 	/usr/lib/system/libsystem_secinit.dylib
0x000000000ff5f000 	/usr/lib/system/libsystem_symptoms.dylib
0x000000000ff5f000 	/usr/lib/system/libsystem_trace.dylib
0x000000000ff5f000 	/usr/lib/system/libunwind.dylib
0x000000000ff5f000 	/usr/lib/system/libxpc.dylib
0x000000000ff5f000 	/usr/lib/libbsm.0.dylib
0x000000000ff5f000 	/usr/lib/system/libkxld.dylib
0x000000000ff5f000 	/usr/lib/libcoretls.dylib
0x000000000ff5f000 	/usr/lib/libcoretls_cfhelpers.dylib
0x000000000ff5f000 	/usr/lib/libOpenScriptingUtil.dylib
0x000000000ff5f000 	/usr/lib/libpam.2.dylib
0x000000000ff5f000 	/usr/lib/libsqlite3.dylib
0x000000000ff5f000 	/usr/lib/libxar.1.dylib
0x000000000ff5f000 	/usr/lib/libbz2.1.0.dylib
0x000000000ff5f000 	/usr/lib/liblzma.5.dylib
0x000000000ff5f000 	/usr/lib/libnetwork.dylib
0x000000000ff5f000 	/usr/lib/libpcap.A.dylib
0x000000000ff5f000 	/System/Library/Frameworks/CoreServices.framework/Versions/A/Frameworks/FSEvents.framework/Versions/A/FSEvents
0x000000000ff5f000 	/System/Library/Frameworks/CoreServices.framework/Versions/A/Frameworks/CarbonCore.framework/Versions/A/CarbonCore
0x000000000ff5f000 	/System/Library/Frameworks/CoreServices.framework/Versions/A/Frameworks/Metadata.framework/Versions/A/Metadata
0x000000000ff5f000 	/System/Library/Frameworks/CoreServices.framework/Versions/A/Frameworks/OSServices.framework/Versions/A/OSServices
0x000000000ff5f000 	/System/Library/Frameworks/CoreServices.framework/Versions/A/Frameworks/SearchKit.framework/Versions/A/SearchKit
0x000000000ff5f000 	/System/Library/Frameworks/CoreServices.framework/Versions/A/Frameworks/AE.framework/Versions/A/AE
0x000000000ff5f000 	/System/Library/Frameworks/CoreServices.framework/Versions/A/Frameworks/LaunchServices.framework/Versions/A/LaunchServices
0x000000000ff5f000 	/System/Library/Frameworks/CoreServices.framework/Versions/A/Frameworks/DictionaryServices.framework/Versions/A/DictionaryServices
0x000000000ff5f000 	/System/Library/Frameworks/CoreServices.framework/Versions/A/Frameworks/SharedFileList.framework/Versions/A/SharedFileList
0x000000000ff5f000 	/System/Library/Frameworks/NetFS.framework/Versions/A/NetFS
0x000000000ff5f000 	/System/Library/PrivateFrameworks/NetAuth.framework/Versions/A/NetAuth
0x000000000ff5f000 	/System/Library/PrivateFrameworks/login.framework/Versions/A/Frameworks/loginsupport.framework/Versions/A/loginsupport
0x000000000ff5f000 	/System/Library/PrivateFrameworks/TCC.framework/Versions/A/TCC
0x000000000ff5f000 	/usr/lib/libmecabra.dylib
0x000000000ff5f000 	/System/Library/Frameworks/ApplicationServices.framework/Versions/A/Frameworks/ATS.framework/Versions/A/ATS
0x000000000ff5f000 	/System/Library/Frameworks/ApplicationServices.framework/Versions/A/Frameworks/ColorSync.framework/Versions/A/ColorSync
0x000000000ff5f000 	/System/Library/Frameworks/ApplicationServices.framework/Versions/A/Frameworks/HIServices.framework/Versions/A/HIServices
0x000000000ff5f000 	/System/Library/Frameworks/ApplicationServices.framework/Versions/A/Frameworks/LangAnalysis.framework/Versions/A/LangAnalysis
0x000000000ff5f000 	/System/Library/Frameworks/ApplicationServices.framework/Versions/A/Frameworks/PrintCore.framework/Versions/A/PrintCore
0x000000000ff5f000 	/System/Library/Frameworks/ApplicationServices.framework/Versions/A/Frameworks/QD.framework/Versions/A/QD
0x000000000ff5f000 	/System/Library/Frameworks/ApplicationServices.framework/Versions/A/Frameworks/SpeechSynthesis.framework/Versions/A/SpeechSynthesis
0x000000000ff5f000 	/System/Library/Frameworks/Accelerate.framework/Versions/A/Frameworks/vImage.framework/Versions/A/vImage
0x000000000ff5f000 	/System/Library/Frameworks/Accelerate.framework/Versions/A/Frameworks/vecLib.framework/Versions/A/vecLib
0x000000000ff5f000 	/System/Library/Frameworks/Accelerate.framework/Versions/A/Frameworks/vecLib.framework/Versions/A/libvDSP.dylib
0x000000000ff5f000 	/System/Library/Frameworks/Accelerate.framework/Versions/A/Frameworks/vecLib.framework/Versions/A/libBNNS.dylib
0x000000000ff5f000 	/System/Library/Frameworks/Accelerate.framework/Versions/A/Frameworks/vecLib.framework/Versions/A/libQuadrature.dylib
0x000000000ff5f000 	/System/Library/Frameworks/Accelerate.framework/Versions/A/Frameworks/vecLib.framework/Versions/A/libvMisc.dylib
0x000000000ff5f000 	/System/Library/Frameworks/Accelerate.framework/Versions/A/Frameworks/vecLib.framework/Versions/A/libLAPACK.dylib
0x000000000ff5f000 	/System/Library/Frameworks/Accelerate.framework/Versions/A/Frameworks/vecLib.framework/Versions/A/libBLAS.dylib
0x000000000ff5f000 	/System/Library/Frameworks/Accelerate.framework/Versions/A/Frameworks/vecLib.framework/Versions/A/libLinearAlgebra.dylib
0x000000000ff5f000 	/System/Library/Frameworks/Accelerate.framework/Versions/A/Frameworks/vecLib.framework/Versions/A/libSparseBLAS.dylib
0x000000000ff5f000 	/System/Library/Frameworks/ApplicationServices.framework/Versions/A/Frameworks/ATS.framework/Versions/A/Resources/libFontParser.dylib
0x000000000ff5f000 	/System/Library/Frameworks/ApplicationServices.framework/Versions/A/Frameworks/ATS.framework/Versions/A/Resources/libFontRegistry.dylib
0x000000000ff5f000 	/System/Library/Frameworks/ImageIO.framework/Versions/A/Resources/libJPEG.dylib
0x000000000ff5f000 	/System/Library/Frameworks/ImageIO.framework/Versions/A/Resources/libTIFF.dylib
0x000000000ff5f000 	/System/Library/Frameworks/ImageIO.framework/Versions/A/Resources/libPng.dylib
0x000000000ff5f000 	/System/Library/Frameworks/ImageIO.framework/Versions/A/Resources/libGIF.dylib
0x000000000ff5f000 	/System/Library/Frameworks/ImageIO.framework/Versions/A/Resources/libJP2.dylib
0x000000000ff5f000 	/System/Library/Frameworks/ImageIO.framework/Versions/A/Resources/libRadiance.dylib
0x000000000ff5f000 	/usr/lib/libcompression.dylib
0x000000000ff5f000 	/System/Library/PrivateFrameworks/AppleJPEG.framework/Versions/A/AppleJPEG
0x000000000ff5f000 	/usr/lib/libcups.2.dylib
0x000000000ff5f000 	/System/Library/Frameworks/Kerberos.framework/Versions/A/Kerberos
0x000000000ff5f000 	/System/Library/Frameworks/GSS.framework/Versions/A/GSS
0x000000000ff5f000 	/usr/lib/libresolv.9.dylib
0x000000000ff5f000 	/usr/lib/libiconv.2.dylib
0x000000000ff5f000 	/System/Library/PrivateFrameworks/Heimdal.framework/Versions/A/Heimdal
0x000000000ff5f000 	/usr/lib/libheimdal-asn1.dylib
0x000000000ff5f000 	/System/Library/Frameworks/OpenDirectory.framework/Versions/A/OpenDirectory
0x000000000ff5f000 	/System/Library/PrivateFrameworks/CommonAuth.framework/Versions/A/CommonAuth
0x000000000ff5f000 	/System/Library/Frameworks/OpenDirectory.framework/Versions/A/Frameworks/CFOpenDirectory.framework/Versions/A/CFOpenDirectory
0x000000000ff5f000 	/System/Library/Frameworks/SecurityFoundation.framework/Versions/A/SecurityFoundation
0x000000000ff5f000 	/System/Library/PrivateFrameworks/LanguageModeling.framework/Versions/A/LanguageModeling
0x000000000ff5f000 	/usr/lib/libmarisa.dylib
0x000000000ff5f000 	/usr/lib/libChineseTokenizer.dylib
0x000000000ff5f000 	/usr/lib/libcmph.dylib
0x000000000ff5f000 	/System/Library/PrivateFrameworks/CoreEmoji.framework/Versions/A/CoreEmoji
0x000000000ff5f000 	/System/Library/Frameworks/ServiceManagement.framework/Versions/A/ServiceManagement
0x000000000ff5f000 	/usr/lib/libxslt.1.dylib
0x000000000ff5f000 	/System/Library/Frameworks/Carbon.framework/Versions/A/Frameworks/Ink.framework/Versions/A/Ink
0x000000000ff5f000 	/System/Library/PrivateFrameworks/TextureIO.framework/Versions/A/TextureIO
0x000000000ff5f000 	/System/Library/Frameworks/Metal.framework/Versions/A/Metal
0x000000000ff5f000 	/usr/lib/libate.dylib
0x000000000ff5f000 	/System/Library/PrivateFrameworks/GPUCompiler.framework/libmetal_timestamp.dylib
0x000000000ff5f000 	/System/Library/Frameworks/OpenGL.framework/Versions/A/Libraries/libCoreFSCache.dylib
0x000000000ff5f000 	/System/Library/PrivateFrameworks/IOAccelerator.framework/Versions/A/IOAccelerator
0x000000000ff5f000 	/System/Library/Frameworks/CoreVideo.framework/Versions/A/CoreVideo
0x000000000ff5f000 	/usr/lib/libFosl_dynamic.dylib
0x000000000ff5f000 	/System/Library/PrivateFrameworks/MetalPerformanceShaders.framework/Versions/A/MetalPerformanceShaders
0x000000000ff5f000 	/System/Library/PrivateFrameworks/FaceCore.framework/Versions/A/FaceCore
0x000000000ff5f000 	/System/Library/Frameworks/OpenCL.framework/Versions/A/OpenCL
0x000000000ff5f000 	/System/Library/Frameworks/OpenGL.framework/Versions/A/Libraries/libGLU.dylib
0x000000000ff5f000 	/System/Library/Frameworks/OpenGL.framework/Versions/A/Libraries/libGFXShared.dylib
0x000000000ff5f000 	/System/Library/Frameworks/OpenGL.framework/Versions/A/Libraries/libGL.dylib
0x000000000ff5f000 	/System/Library/Frameworks/OpenGL.framework/Versions/A/Libraries/libGLImage.dylib
0x000000000ff5f000 	/System/Library/Frameworks/OpenGL.framework/Versions/A/Libraries/libCVMSPluginSupport.dylib
0x000000000ff5f000 	/System/Library/Frameworks/OpenGL.framework/Versions/A/Libraries/libCoreVMClient.dylib
0x000000000ff5f000 	/System/Library/PrivateFrameworks/CrashReporterSupport.framework/Versions/A/CrashReporterSupport
0x000000000ff5f000 	/System/Library/PrivateFrameworks/Sharing.framework/Versions/A/Sharing
0x000000000ff5f000 	/System/Library/PrivateFrameworks/IconServices.framework/Versions/A/IconServices
0x000000000ff5f000 	/System/Library/PrivateFrameworks/ProtocolBuffer.framework/Versions/A/ProtocolBuffer
0x000000000ff5f000 	/System/Library/PrivateFrameworks/Apple80211.framework/Versions/A/Apple80211
0x000000000ff5f000 	/System/Library/Frameworks/CoreWLAN.framework/Versions/A/CoreWLAN
0x000000000ff5f000 	/System/Library/PrivateFrameworks/CoreUtils.framework/Versions/A/CoreUtils
0x000000000ff5f000 	/System/Library/Frameworks/IOBluetooth.framework/Versions/A/IOBluetooth
0x000000000ff5f000 	/System/Library/PrivateFrameworks/CoreWiFi.framework/Versions/A/CoreWiFi
0x000000000ff5f000 	/System/Library/Frameworks/CoreBluetooth.framework/Versions/A/CoreBluetooth
0x000000000ff5f000 	/System/Library/Frameworks/CoreDisplay.framework/Versions/A/CoreDisplay
0x000000000ff5f000 	/System/Library/PrivateFrameworks/IOPresentment.framework/Versions/A/IOPresentment
0x000000000ff5f000 	/System/Library/PrivateFrameworks/DSExternalDisplay.framework/Versions/A/DSExternalDisplay
0x000000000ff5f000 	/System/Library/PrivateFrameworks/DebugSymbols.framework/Versions/A/DebugSymbols
0x000000000ff5f000 	/System/Library/PrivateFrameworks/CoreSymbolication.framework/Versions/A/CoreSymbolication
0x000000000ff5f000 	/System/Library/PrivateFrameworks/Symbolication.framework/Versions/A/Symbolication
0x000000000ff5f000 	/System/Library/PrivateFrameworks/AppleFSCompression.framework/Versions/A/AppleFSCompression
0x000000000ff5f000 	/System/Library/PrivateFrameworks/SpeechRecognitionCore.framework/Versions/A/SpeechRecognitionCore
0x000000000ff5f000 	/System/Library/PrivateFrameworks/ChunkingLibrary.framework/Versions/A/ChunkingLibrary
0x0000000103800000 	/Library/Java/JavaVirtualMachines/jdk1.8.0_131.jdk/Contents/Home/jre/lib/server/libjvm.dylib
0x000000000ff5f000 	/usr/lib/libstdc++.6.dylib
0x00000001026c9000 	/Library/Java/JavaVirtualMachines/jdk1.8.0_131.jdk/Contents/Home/jre/lib/libverify.dylib
0x00000001026d7000 	/Library/Java/JavaVirtualMachines/jdk1.8.0_131.jdk/Contents/Home/jre/lib/libjava.dylib
0x0000000102716000 	/Library/Java/JavaVirtualMachines/jdk1.8.0_131.jdk/Contents/Home/jre/lib/libzip.dylib
0x0000000109cf6000 	/System/Library/Frameworks/JavaVM.framework/Frameworks/JavaRuntimeSupport.framework/JavaRuntimeSupport
0x0000000109d10000 	/System/Library/Frameworks/JavaVM.framework/Versions/A/Frameworks/JavaNativeFoundation.framework/Versions/A/JavaNativeFoundation
0x0000000109d25000 	/System/Library/Frameworks/JavaVM.framework/Versions/A/JavaVM
0x000000000ff5f000 	/System/Library/Frameworks/Carbon.framework/Versions/A/Carbon
0x0000000109d32000 	/System/Library/PrivateFrameworks/JavaLaunching.framework/Versions/A/JavaLaunching
0x000000000ff5f000 	/System/Library/Frameworks/Carbon.framework/Versions/A/Frameworks/CommonPanels.framework/Versions/A/CommonPanels
0x000000000ff5f000 	/System/Library/Frameworks/Carbon.framework/Versions/A/Frameworks/Help.framework/Versions/A/Help
0x000000000ff5f000 	/System/Library/Frameworks/Carbon.framework/Versions/A/Frameworks/ImageCapture.framework/Versions/A/ImageCapture
0x000000000ff5f000 	/System/Library/Frameworks/Carbon.framework/Versions/A/Frameworks/OpenScripting.framework/Versions/A/OpenScripting
0x000000000ff5f000 	/System/Library/Frameworks/Carbon.framework/Versions/A/Frameworks/Print.framework/Versions/A/Print
0x000000000ff5f000 	/System/Library/Frameworks/Carbon.framework/Versions/A/Frameworks/SecurityHI.framework/Versions/A/SecurityHI
0x000000010b6f7000 	/Library/Java/JavaVirtualMachines/jdk1.8.0_131.jdk/Contents/Home/jre/lib/libnio.dylib
0x000000010b707000 	/Library/Java/JavaVirtualMachines/jdk1.8.0_131.jdk/Contents/Home/jre/lib/./libnet.dylib

VM Arguments:
java_command: /Users/parrt/github/bookish/target/bookish-1.0-SNAPSHOT.jar -target html-article -o /tmp/gradient-boosting /Users/parrt/github/ml-articles/gradient-boosting//article.json
java_class_path (initial): /Users/parrt/github/bookish/target/bookish-1.0-SNAPSHOT.jar
Launcher Type: SUN_STANDARD

Environment Variables:
JAVA_HOME=/Library/Java/JavaVirtualMachines/jdk1.8.0_131.jdk/Contents/Home
CLASSPATH=.:/Library/Java/JavaVirtualMachines/jdk1.8.0_131.jdk/Contents/Home/lib/*:/Users/parrt/.m2/repository/org/antlr/antlr4/4.7-SNAPSHOT/antlr4-4.7-SNAPSHOT-complete.jar:
PATH=/Users/parrt/anaconda3/bin:/Users/parrt/anaconda3/bin:/Users/parrt/anaconda2/bin:/opt/local/bin:/opt/local/sbin:/Library/Frameworks/GDAL.framework/unix/bin:/Library/Frameworks/PROJ.framework/unix/bin:/usr/local/Cellar/imagemagick/6.7.1-1/bin:/usr/local/Cellar/nasm/2.12.02/bin:/usr/local/go/bin:/usr/local/Cellar/python/2.7.10_1/bin:/usr/local/texlive/2017/bin/x86_64-darwin:/Developer/usr/bin:/opt/local/bin:/usr/local/git/bin:/usr/local/texlive/2017/texmf-dist/scripts/pythontex:/usr/local/share/dotnet:/usr/local/bin:/usr/bin:/bin:/usr/sbin:/sbin:/opt/X11/bin:/usr/local/share/dotnet:/usr/local/go/bin:/Library/Frameworks/Mono.framework/Versions/Current/Commands:/Library/TeX/texbin:/usr/texbin:/usr/local/bin:/Users/parrt/.rvm/bin
SHELL=/bin/bash
DISPLAY=/private/tmp/com.apple.launchd.bZwTg4fMxR/org.macosforge.xquartz:0

Signal Handlers:
SIGSEGV: [libjvm.dylib+0x5b1eb1], sa_mask[0]=11111111011111110111111111111111, sa_flags=SA_ONSTACK|SA_RESTART|SA_SIGINFO
SIGBUS: [libjvm.dylib+0x5b1eb1], sa_mask[0]=11111111011111110111111111111111, sa_flags=SA_RESTART|SA_SIGINFO
SIGFPE: [libjvm.dylib+0x488988], sa_mask[0]=11111111011111110111111111111111, sa_flags=SA_RESTART|SA_SIGINFO
SIGPIPE: [libjvm.dylib+0x488988], sa_mask[0]=11111111011111110111111111111111, sa_flags=SA_RESTART|SA_SIGINFO
SIGXFSZ: [libjvm.dylib+0x488988], sa_mask[0]=11111111011111110111111111111111, sa_flags=SA_RESTART|SA_SIGINFO
SIGILL: [libjvm.dylib+0x488988], sa_mask[0]=11111111011111110111111111111111, sa_flags=SA_RESTART|SA_SIGINFO
SIGUSR1: SIG_DFL, sa_mask[0]=11011111011111100000000111000110, sa_flags=none
SIGUSR2: [libjvm.dylib+0x4884a6], sa_mask[0]=00000000000000000000000000000000, sa_flags=SA_RESTART|SA_SIGINFO
SIGHUP: [libjvm.dylib+0x486a7d], sa_mask[0]=11111111011111110111111111111111, sa_flags=SA_RESTART|SA_SIGINFO
SIGINT: [libjvm.dylib+0x486a7d], sa_mask[0]=11111111011111110111111111111111, sa_flags=SA_RESTART|SA_SIGINFO
SIGTERM: [libjvm.dylib+0x486a7d], sa_mask[0]=11111111011111110111111111111111, sa_flags=SA_RESTART|SA_SIGINFO
SIGQUIT: [libjvm.dylib+0x486a7d], sa_mask[0]=11111111011111110111111111111111, sa_flags=SA_RESTART|SA_SIGINFO


---------------  S Y S T E M  ---------------

OS:Bsduname:Darwin 16.7.0 Darwin Kernel Version 16.7.0: Tue Jan 30 11:27:06 PST 2018; root:xnu-3789.73.11~1/RELEASE_X86_64 x86_64
rlimit: STACK 8192k, CORE 0k, NPROC 709, NOFILE 10240, AS infinity
load average:2.93 2.18 2.07

CPU:total 8 (initial active 8) (4 cores per cpu, 2 threads per core) family 6 model 60 stepping 3, cmov, cx8, fxsr, mmx, sse, sse2, sse3, ssse3, sse4.1, sse4.2, popcnt, avx, avx2, aes, clmul, erms, lzcnt, ht, tsc, tscinvbit, bmi1, bmi2

Memory: 4k page, physical 33554432k(2639884k free)

/proc/meminfo:


vm_info: Java HotSpot(TM) 64-Bit Server VM (25.131-b11) for bsd-amd64 JRE (1.8.0_131-b11), built on Mar 15 2017 01:32:22 by "java_re" with gcc 4.2.1 (Based on Apple Inc. build 5658) (LLVM build 2336.11.00)

time: Thu May 17 17:31:49 2018
elapsed time: 6 seconds (0d 0h 0m 6s)

